Analysis & Synthesis report for line_follow_algo
Tue Feb 15 18:12:05 2022
Quartus Prime Version 19.1.0 Build 670 09/22/2019 SJ Lite Edition


---------------------
; Table of Contents ;
---------------------
  1. Legal Notice
  2. Analysis & Synthesis Summary
  3. Analysis & Synthesis Settings
  4. Parallel Compilation
  5. Analysis & Synthesis Messages
  6. Analysis & Synthesis Suppressed Messages



----------------
; Legal Notice ;
----------------
Copyright (C) 2019  Intel Corporation. All rights reserved.
Your use of Intel Corporation's design tools, logic functions 
and other software and tools, and any partner logic 
functions, and any output files from any of the foregoing 
(including device programming or simulation files), and any 
associated documentation or information are expressly subject 
to the terms and conditions of the Intel Program License 
Subscription Agreement, the Intel Quartus Prime License Agreement,
the Intel FPGA IP License Agreement, or other applicable license
agreement, including, without limitation, that your use is for
the sole purpose of programming logic devices manufactured by
Intel and sold by Intel or its authorized distributors.  Please
refer to the applicable agreement for further details, at
https://fpgasoftware.intel.com/eula.



+----------------------------------------------------------------------------------+
; Analysis & Synthesis Summary                                                     ;
+------------------------------------+---------------------------------------------+
; Analysis & Synthesis Status        ; Failed - Tue Feb 15 18:12:05 2022           ;
; Quartus Prime Version              ; 19.1.0 Build 670 09/22/2019 SJ Lite Edition ;
; Revision Name                      ; line_follow_algo                            ;
; Top-level Entity Name              ; sm_tot_block                                ;
; Family                             ; Cyclone IV E                                ;
; Total logic elements               ; N/A until Partition Merge                   ;
;     Total combinational functions  ; N/A until Partition Merge                   ;
;     Dedicated logic registers      ; N/A until Partition Merge                   ;
; Total registers                    ; N/A until Partition Merge                   ;
; Total pins                         ; N/A until Partition Merge                   ;
; Total virtual pins                 ; N/A until Partition Merge                   ;
; Total memory bits                  ; N/A until Partition Merge                   ;
; Embedded Multiplier 9-bit elements ; N/A until Partition Merge                   ;
; Total PLLs                         ; N/A until Partition Merge                   ;
+------------------------------------+---------------------------------------------+


+------------------------------------------------------------------------------------------------------------+
; Analysis & Synthesis Settings                                                                              ;
+------------------------------------------------------------------+--------------------+--------------------+
; Option                                                           ; Setting            ; Default Value      ;
+------------------------------------------------------------------+--------------------+--------------------+
; Device                                                           ; EP4CE22F17C6       ;                    ;
; Top-level entity name                                            ; sm_tot_block       ; line_follow_algo   ;
; Family name                                                      ; Cyclone IV E       ; Cyclone V          ;
; Use smart compilation                                            ; Off                ; Off                ;
; Enable parallel Assembler and Timing Analyzer during compilation ; On                 ; On                 ;
; Enable compact report table                                      ; Off                ; Off                ;
; Restructure Multiplexers                                         ; Auto               ; Auto               ;
; Create Debugging Nodes for IP Cores                              ; Off                ; Off                ;
; Preserve fewer node names                                        ; On                 ; On                 ;
; Intel FPGA IP Evaluation Mode                                    ; Enable             ; Enable             ;
; Verilog Version                                                  ; Verilog_2001       ; Verilog_2001       ;
; VHDL Version                                                     ; VHDL_1993          ; VHDL_1993          ;
; State Machine Processing                                         ; Auto               ; Auto               ;
; Safe State Machine                                               ; Off                ; Off                ;
; Extract Verilog State Machines                                   ; On                 ; On                 ;
; Extract VHDL State Machines                                      ; On                 ; On                 ;
; Ignore Verilog initial constructs                                ; Off                ; Off                ;
; Iteration limit for constant Verilog loops                       ; 5000               ; 5000               ;
; Iteration limit for non-constant Verilog loops                   ; 250                ; 250                ;
; Add Pass-Through Logic to Inferred RAMs                          ; On                 ; On                 ;
; Infer RAMs from Raw Logic                                        ; On                 ; On                 ;
; Parallel Synthesis                                               ; On                 ; On                 ;
; DSP Block Balancing                                              ; Auto               ; Auto               ;
; NOT Gate Push-Back                                               ; On                 ; On                 ;
; Power-Up Don't Care                                              ; On                 ; On                 ;
; Remove Redundant Logic Cells                                     ; Off                ; Off                ;
; Remove Duplicate Registers                                       ; On                 ; On                 ;
; Ignore CARRY Buffers                                             ; Off                ; Off                ;
; Ignore CASCADE Buffers                                           ; Off                ; Off                ;
; Ignore GLOBAL Buffers                                            ; Off                ; Off                ;
; Ignore ROW GLOBAL Buffers                                        ; Off                ; Off                ;
; Ignore LCELL Buffers                                             ; Off                ; Off                ;
; Ignore SOFT Buffers                                              ; On                 ; On                 ;
; Limit AHDL Integers to 32 Bits                                   ; Off                ; Off                ;
; Optimization Technique                                           ; Balanced           ; Balanced           ;
; Carry Chain Length                                               ; 70                 ; 70                 ;
; Auto Carry Chains                                                ; On                 ; On                 ;
; Auto Open-Drain Pins                                             ; On                 ; On                 ;
; Perform WYSIWYG Primitive Resynthesis                            ; Off                ; Off                ;
; Auto ROM Replacement                                             ; On                 ; On                 ;
; Auto RAM Replacement                                             ; On                 ; On                 ;
; Auto DSP Block Replacement                                       ; On                 ; On                 ;
; Auto Shift Register Replacement                                  ; Auto               ; Auto               ;
; Allow Shift Register Merging across Hierarchies                  ; Auto               ; Auto               ;
; Auto Clock Enable Replacement                                    ; On                 ; On                 ;
; Strict RAM Replacement                                           ; Off                ; Off                ;
; Allow Synchronous Control Signals                                ; On                 ; On                 ;
; Force Use of Synchronous Clear Signals                           ; Off                ; Off                ;
; Auto RAM Block Balancing                                         ; On                 ; On                 ;
; Auto RAM to Logic Cell Conversion                                ; Off                ; Off                ;
; Auto Resource Sharing                                            ; Off                ; Off                ;
; Allow Any RAM Size For Recognition                               ; Off                ; Off                ;
; Allow Any ROM Size For Recognition                               ; Off                ; Off                ;
; Allow Any Shift Register Size For Recognition                    ; Off                ; Off                ;
; Use LogicLock Constraints during Resource Balancing              ; On                 ; On                 ;
; Ignore translate_off and synthesis_off directives                ; Off                ; Off                ;
; Timing-Driven Synthesis                                          ; On                 ; On                 ;
; Report Parameter Settings                                        ; On                 ; On                 ;
; Report Source Assignments                                        ; On                 ; On                 ;
; Report Connectivity Checks                                       ; On                 ; On                 ;
; Ignore Maximum Fan-Out Assignments                               ; Off                ; Off                ;
; Synchronization Register Chain Length                            ; 2                  ; 2                  ;
; Power Optimization During Synthesis                              ; Normal compilation ; Normal compilation ;
; HDL message level                                                ; Level2             ; Level2             ;
; Suppress Register Optimization Related Messages                  ; Off                ; Off                ;
; Number of Removed Registers Reported in Synthesis Report         ; 5000               ; 5000               ;
; Number of Swept Nodes Reported in Synthesis Report               ; 5000               ; 5000               ;
; Number of Inverted Registers Reported in Synthesis Report        ; 100                ; 100                ;
; Clock MUX Protection                                             ; On                 ; On                 ;
; Auto Gated Clock Conversion                                      ; Off                ; Off                ;
; Block Design Naming                                              ; Auto               ; Auto               ;
; SDC constraint protection                                        ; Off                ; Off                ;
; Synthesis Effort                                                 ; Auto               ; Auto               ;
; Shift Register Replacement - Allow Asynchronous Clear Signal     ; On                 ; On                 ;
; Pre-Mapping Resynthesis Optimization                             ; Off                ; Off                ;
; Analysis & Synthesis Message Level                               ; Medium             ; Medium             ;
; Disable Register Merging Across Hierarchies                      ; Auto               ; Auto               ;
; Resource Aware Inference For Block RAM                           ; On                 ; On                 ;
+------------------------------------------------------------------+--------------------+--------------------+


+------------------------------------------+
; Parallel Compilation                     ;
+----------------------------+-------------+
; Processors                 ; Number      ;
+----------------------------+-------------+
; Number detected on machine ; 8           ;
; Maximum allowed            ; 4           ;
;                            ;             ;
; Average used               ; 1.00        ;
; Maximum used               ; 1           ;
;                            ;             ;
; Usage by Processor         ; % Time Used ;
;     Processor 1            ; 100.0%      ;
+----------------------------+-------------+


+-------------------------------+
; Analysis & Synthesis Messages ;
+-------------------------------+
Info: *******************************************************************
Info: Running Quartus Prime Analysis & Synthesis
    Info: Version 19.1.0 Build 670 09/22/2019 SJ Lite Edition
    Info: Processing started: Tue Feb 15 18:11:50 2022
Info: Command: quartus_map --read_settings_files=on --write_settings_files=off line_follow_algo -c line_follow_algo
Warning (18236): Number of processors has not been specified which may cause overloading on shared machines.  Set the global assignment NUM_PARALLEL_PROCESSORS in your QSF to an appropriate value for best performance.
Info (20030): Parallel compilation is enabled and will use 4 of the 4 processors detected
Info (12021): Found 1 design units, including 1 entities, in source file sm_0535_adc_convert.v
    Info (12023): Found entity 1: sm_0535_ADC_CONVERT File: C:/Users/Nipun/Desktop/Eyantra/sm_bot_total/sm_0535_ADC_CONVERT.v Line: 2
Error (10170): Verilog HDL syntax error at sm_0535_sm_bot_core.v(1) near text: "(";  expecting ";". Check for and fix any syntax errors that appear immediately before or at the specified keyword. The Intel FPGA Knowledge Database contains many articles with specific details on how to resolve this error. Visit the Knowledge Database at https://www.altera.com/support/support-resources/knowledge-base/search.html and search for this specific error message number. File: C:/Users/Nipun/Desktop/Eyantra/sm_bot_total/sm_0535_sm_bot_core.v Line: 1
Error (10839): Verilog HDL error at sm_0535_sm_bot_core.v(1): declaring global objects is a SystemVerilog feature File: C:/Users/Nipun/Desktop/Eyantra/sm_bot_total/sm_0535_sm_bot_core.v Line: 1
Error (10839): Verilog HDL error at sm_0535_sm_bot_core.v(59): declaring global objects is a SystemVerilog feature File: C:/Users/Nipun/Desktop/Eyantra/sm_bot_total/sm_0535_sm_bot_core.v Line: 59
Error (10839): Verilog HDL error at sm_0535_sm_bot_core.v(60): declaring global objects is a SystemVerilog feature File: C:/Users/Nipun/Desktop/Eyantra/sm_bot_total/sm_0535_sm_bot_core.v Line: 60
Error (10839): Verilog HDL error at sm_0535_sm_bot_core.v(61): declaring global objects is a SystemVerilog feature File: C:/Users/Nipun/Desktop/Eyantra/sm_bot_total/sm_0535_sm_bot_core.v Line: 61
Error (10839): Verilog HDL error at sm_0535_sm_bot_core.v(62): declaring global objects is a SystemVerilog feature File: C:/Users/Nipun/Desktop/Eyantra/sm_bot_total/sm_0535_sm_bot_core.v Line: 62
Error (10839): Verilog HDL error at sm_0535_sm_bot_core.v(64): declaring global objects is a SystemVerilog feature File: C:/Users/Nipun/Desktop/Eyantra/sm_bot_total/sm_0535_sm_bot_core.v Line: 64
Error (10839): Verilog HDL error at sm_0535_sm_bot_core.v(68): declaring global objects is a SystemVerilog feature File: C:/Users/Nipun/Desktop/Eyantra/sm_bot_total/sm_0535_sm_bot_core.v Line: 68
Error (10839): Verilog HDL error at sm_0535_sm_bot_core.v(71): declaring global objects is a SystemVerilog feature File: C:/Users/Nipun/Desktop/Eyantra/sm_bot_total/sm_0535_sm_bot_core.v Line: 71
Error (10839): Verilog HDL error at sm_0535_sm_bot_core.v(72): declaring global objects is a SystemVerilog feature File: C:/Users/Nipun/Desktop/Eyantra/sm_bot_total/sm_0535_sm_bot_core.v Line: 72
Error (10839): Verilog HDL error at sm_0535_sm_bot_core.v(73): declaring global objects is a SystemVerilog feature File: C:/Users/Nipun/Desktop/Eyantra/sm_bot_total/sm_0535_sm_bot_core.v Line: 73
Error (10839): Verilog HDL error at sm_0535_sm_bot_core.v(76): declaring global objects is a SystemVerilog feature File: C:/Users/Nipun/Desktop/Eyantra/sm_bot_total/sm_0535_sm_bot_core.v Line: 76
Error (10839): Verilog HDL error at sm_0535_sm_bot_core.v(77): declaring global objects is a SystemVerilog feature File: C:/Users/Nipun/Desktop/Eyantra/sm_bot_total/sm_0535_sm_bot_core.v Line: 77
Error (10839): Verilog HDL error at sm_0535_sm_bot_core.v(80): declaring global objects is a SystemVerilog feature File: C:/Users/Nipun/Desktop/Eyantra/sm_bot_total/sm_0535_sm_bot_core.v Line: 80
Error (10839): Verilog HDL error at sm_0535_sm_bot_core.v(81): declaring global objects is a SystemVerilog feature File: C:/Users/Nipun/Desktop/Eyantra/sm_bot_total/sm_0535_sm_bot_core.v Line: 81
Error (10839): Verilog HDL error at sm_0535_sm_bot_core.v(82): declaring global objects is a SystemVerilog feature File: C:/Users/Nipun/Desktop/Eyantra/sm_bot_total/sm_0535_sm_bot_core.v Line: 82
Error (10839): Verilog HDL error at sm_0535_sm_bot_core.v(85): declaring global objects is a SystemVerilog feature File: C:/Users/Nipun/Desktop/Eyantra/sm_bot_total/sm_0535_sm_bot_core.v Line: 85
Error (10839): Verilog HDL error at sm_0535_sm_bot_core.v(88): declaring global objects is a SystemVerilog feature File: C:/Users/Nipun/Desktop/Eyantra/sm_bot_total/sm_0535_sm_bot_core.v Line: 88
Error (10839): Verilog HDL error at sm_0535_sm_bot_core.v(89): declaring global objects is a SystemVerilog feature File: C:/Users/Nipun/Desktop/Eyantra/sm_bot_total/sm_0535_sm_bot_core.v Line: 89
Info (12021): Found 0 design units, including 0 entities, in source file sm_0535_sm_bot_core.v
Info (12021): Found 1 design units, including 1 entities, in source file pll_adc.v
    Info (12023): Found entity 1: pll_adc File: C:/Users/Nipun/Desktop/Eyantra/sm_bot_total/pll_adc.v Line: 40
Info (12021): Found 1 design units, including 1 entities, in source file sm_0535_uart_controller.v
    Info (12023): Found entity 1: sm_0535_uart_controller File: C:/Users/Nipun/Desktop/Eyantra/sm_bot_total/sm_0535_uart_controller.v Line: 1
Info (12021): Found 1 design units, including 1 entities, in source file sm_0535uart_transmitter.v
    Info (12023): Found entity 1: sm_0535UART_TRANSMITTER File: C:/Users/Nipun/Desktop/Eyantra/sm_bot_total/sm_0535UART_TRANSMITTER.v Line: 6
Info (12021): Found 1 design units, including 1 entities, in source file sm_0535_colour_sensor_detection.v
    Info (12023): Found entity 1: sm_0535_colour_sensor_detection File: C:/Users/Nipun/Desktop/Eyantra/sm_bot_total/sm_0535_colour_sensor_detection.v Line: 1
Warning (10275): Verilog HDL Module Instantiation warning at sm_0535_SM_TOTALL.v(128): ignored dangling comma in List of Port Connections File: C:/Users/Nipun/Desktop/Eyantra/sm_bot_total/sm_0535_SM_TOTALL.v Line: 128
Info (12021): Found 1 design units, including 1 entities, in source file sm_0535_sm_totall.v
    Info (12023): Found entity 1: sm_0535_SM_TOTALL File: C:/Users/Nipun/Desktop/Eyantra/sm_bot_total/sm_0535_SM_TOTALL.v Line: 1
Info (12021): Found 1 design units, including 1 entities, in source file sm_tot_block.bdf
    Info (12023): Found entity 1: sm_tot_block
Info (12021): Found 1 design units, including 1 entities, in source file sm_0535_pwm.v
    Info (12023): Found entity 1: sm_0535_pwm File: C:/Users/Nipun/Desktop/Eyantra/sm_bot_total/sm_0535_pwm.v Line: 1
Info (12021): Found 1 design units, including 1 entities, in source file sm_0535_uart_receiver.v
    Info (12023): Found entity 1: sm_0535_UART_Receiver File: C:/Users/Nipun/Desktop/Eyantra/sm_bot_total/sm_0535_UART_Receiver.v Line: 2
Info (12021): Found 1 design units, including 1 entities, in source file sm_0535_uart_rx_controller.v
    Info (12023): Found entity 1: sm_0535_uart_rx_controller File: C:/Users/Nipun/Desktop/Eyantra/sm_bot_total/sm_0535_uart_rx_controller.v Line: 1
Info (144001): Generated suppressed messages file C:/Users/Nipun/Desktop/Eyantra/sm_bot_total/output_files/line_follow_algo.map.smsg
Error: Quartus Prime Analysis & Synthesis was unsuccessful. 19 errors, 2 warnings
    Error: Peak virtual memory: 4711 megabytes
    Error: Processing ended: Tue Feb 15 18:12:05 2022
    Error: Elapsed time: 00:00:15
    Error: Total CPU time (on all processors): 00:00:37


+------------------------------------------+
; Analysis & Synthesis Suppressed Messages ;
+------------------------------------------+
The suppressed messages can be found in C:/Users/Nipun/Desktop/Eyantra/sm_bot_total/output_files/line_follow_algo.map.smsg.


