Assembler report for line_follow_algo
Tue Feb 08 20:05:26 2022
Quartus Prime Version 19.1.0 Build 670 09/22/2019 SJ Lite Edition


---------------------
; Table of Contents ;
---------------------
  1. Legal Notice
  2. Assembler Summary
  3. Assembler Settings
  4. Assembler Encrypted IP Cores Summary
  5. Assembler Generated Files
  6. Assembler Device Options: C:/Users/Nipun/Desktop/Eyantra/sm_bot_total/output_files/line_follow_algo.sof
  7. Assembler Messages



----------------
; Legal Notice ;
----------------
Copyright (C) 2019  Intel Corporation. All rights reserved.
Your use of Intel Corporation's design tools, logic functions 
and other software and tools, and any partner logic 
functions, and any output files from any of the foregoing 
(including device programming or simulation files), and any 
associated documentation or information are expressly subject 
to the terms and conditions of the Intel Program License 
Subscription Agreement, the Intel Quartus Prime License Agreement,
the Intel FPGA IP License Agreement, or other applicable license
agreement, including, without limitation, that your use is for
the sole purpose of programming logic devices manufactured by
Intel and sold by Intel or its authorized distributors.  Please
refer to the applicable agreement for further details, at
https://fpgasoftware.intel.com/eula.



+---------------------------------------------------------------+
; Assembler Summary                                             ;
+-----------------------+---------------------------------------+
; Assembler Status      ; Successful - Tue Feb 08 20:05:26 2022 ;
; Revision Name         ; line_follow_algo                      ;
; Top-level Entity Name ; sm_tot_block                          ;
; Family                ; Cyclone IV E                          ;
; Device                ; EP4CE22F17C6                          ;
+-----------------------+---------------------------------------+


+----------------------------------+
; Assembler Settings               ;
+--------+---------+---------------+
; Option ; Setting ; Default Value ;
+--------+---------+---------------+


+------------------------------------------------+
; Assembler Encrypted IP Cores Summary           ;
+--------+------------------------+--------------+
; Vendor ; IP Core Name           ; License Type ;
+--------+------------------------+--------------+
; Altera ; Signal Tap (6AF7 BCE1) ; Licensed     ;
; Altera ; Signal Tap (6AF7 BCEC) ; Licensed     ;
+--------+------------------------+--------------+


+-------------------------------------------------------------------------------+
; Assembler Generated Files                                                     ;
+-------------------------------------------------------------------------------+
; File Name                                                                     ;
+-------------------------------------------------------------------------------+
; C:/Users/Nipun/Desktop/Eyantra/sm_bot_total/output_files/line_follow_algo.sof ;
+-------------------------------------------------------------------------------+


+---------------------------------------------------------------------------------------------------------+
; Assembler Device Options: C:/Users/Nipun/Desktop/Eyantra/sm_bot_total/output_files/line_follow_algo.sof ;
+----------------+----------------------------------------------------------------------------------------+
; Option         ; Setting                                                                                ;
+----------------+----------------------------------------------------------------------------------------+
; JTAG usercode  ; 0x002E9A8F                                                                             ;
; Checksum       ; 0x002E9A8F                                                                             ;
+----------------+----------------------------------------------------------------------------------------+


+--------------------+
; Assembler Messages ;
+--------------------+
Info: *******************************************************************
Info: Running Quartus Prime Assembler
    Info: Version 19.1.0 Build 670 09/22/2019 SJ Lite Edition
    Info: Processing started: Tue Feb 08 20:05:23 2022
Info: Command: quartus_asm --read_settings_files=off --write_settings_files=off line_follow_algo -c line_follow_algo
Warning (18236): Number of processors has not been specified which may cause overloading on shared machines.  Set the global assignment NUM_PARALLEL_PROCESSORS in your QSF to an appropriate value for best performance.
Info (115031): Writing out detailed assembly data for power analysis
Info (115030): Assembler is generating device programming files
Info: Quartus Prime Assembler was successful. 0 errors, 1 warning
    Info: Peak virtual memory: 4693 megabytes
    Info: Processing ended: Tue Feb 08 20:05:26 2022
    Info: Elapsed time: 00:00:03
    Info: Total CPU time (on all processors): 00:00:03


