Flow report for task_4
Thu Feb 10 18:12:28 2022
Quartus Prime Version 19.1.0 Build 670 09/22/2019 SJ Lite Edition


---------------------
; Table of Contents ;
---------------------
  1. Legal Notice
  2. Flow Summary
  3. Flow Settings
  4. Flow Non-Default Global Settings
  5. Flow Elapsed Time
  6. Flow OS Summary
  7. Flow Log
  8. Flow Messages
  9. Flow Suppressed Messages



----------------
; Legal Notice ;
----------------
Copyright (C) 2019  Intel Corporation. All rights reserved.
Your use of Intel Corporation's design tools, logic functions 
and other software and tools, and any partner logic 
functions, and any output files from any of the foregoing 
(including device programming or simulation files), and any 
associated documentation or information are expressly subject 
to the terms and conditions of the Intel Program License 
Subscription Agreement, the Intel Quartus Prime License Agreement,
the Intel FPGA IP License Agreement, or other applicable license
agreement, including, without limitation, that your use is for
the sole purpose of programming logic devices manufactured by
Intel and sold by Intel or its authorized distributors.  Please
refer to the applicable agreement for further details, at
https://fpgasoftware.intel.com/eula.



+----------------------------------------------------------------------------------+
; Flow Summary                                                                     ;
+------------------------------------+---------------------------------------------+
; Flow Status                        ; Successful - Thu Feb 10 18:12:28 2022       ;
; Quartus Prime Version              ; 19.1.0 Build 670 09/22/2019 SJ Lite Edition ;
; Revision Name                      ; task_4                                      ;
; Top-level Entity Name              ; block_diagram                               ;
; Family                             ; Cyclone IV E                                ;
; Device                             ; EP4CE22F17C6                                ;
; Timing Models                      ; Final                                       ;
; Total logic elements               ; 1,242 / 22,320 ( 6 % )                      ;
;     Total combinational functions  ; 987 / 22,320 ( 4 % )                        ;
;     Dedicated logic registers      ; 782 / 22,320 ( 4 % )                        ;
; Total registers                    ; 782                                         ;
; Total pins                         ; 26 / 154 ( 17 % )                           ;
; Total virtual pins                 ; 0                                           ;
; Total memory bits                  ; 1,792 / 608,256 ( < 1 % )                   ;
; Embedded Multiplier 9-bit elements ; 0 / 132 ( 0 % )                             ;
; Total PLLs                         ; 0 / 4 ( 0 % )                               ;
+------------------------------------+---------------------------------------------+


+-----------------------------------------+
; Flow Settings                           ;
+-------------------+---------------------+
; Option            ; Setting             ;
+-------------------+---------------------+
; Start date & time ; 02/10/2022 18:11:35 ;
; Main task         ; Compilation         ;
; Revision Name     ; task_4              ;
+-------------------+---------------------+


+----------------------------------------------------------------------------------------------------------------------------------------------------------------------------------------------+
; Flow Non-Default Global Settings                                                                                                                                                             ;
+-------------------------------------+------------------------------------------------------------------------------------+---------------+---------------+-----------------------------------+
; Assignment Name                     ; Value                                                                              ; Default Value ; Entity Name   ; Section Id                        ;
+-------------------------------------+------------------------------------------------------------------------------------+---------------+---------------+-----------------------------------+
; COMPILER_SIGNATURE_ID               ; 9447191233948.164449689516364                                                      ; --            ; --            ; --                                ;
; EDA_GENERATE_FUNCTIONAL_NETLIST     ; Off                                                                                ; --            ; --            ; eda_board_design_timing           ;
; EDA_GENERATE_FUNCTIONAL_NETLIST     ; Off                                                                                ; --            ; --            ; eda_board_design_boundary_scan    ;
; EDA_GENERATE_FUNCTIONAL_NETLIST     ; Off                                                                                ; --            ; --            ; eda_board_design_signal_integrity ;
; EDA_GENERATE_FUNCTIONAL_NETLIST     ; Off                                                                                ; --            ; --            ; eda_board_design_symbol           ;
; EDA_OUTPUT_DATA_FORMAT              ; Verilog Hdl                                                                        ; --            ; --            ; eda_simulation                    ;
; EDA_SIMULATION_TOOL                 ; ModelSim-Altera (Verilog)                                                          ; <None>        ; --            ; --                                ;
; EDA_TIME_SCALE                      ; 1 ps                                                                               ; --            ; --            ; eda_simulation                    ;
; ENABLE_SIGNALTAP                    ; On                                                                                 ; --            ; --            ; --                                ;
; MAX_CORE_JUNCTION_TEMP              ; 85                                                                                 ; --            ; --            ; --                                ;
; MIN_CORE_JUNCTION_TEMP              ; 0                                                                                  ; --            ; --            ; --                                ;
; NOMINAL_CORE_SUPPLY_VOLTAGE         ; 1.2V                                                                               ; --            ; --            ; --                                ;
; PARTITION_COLOR                     ; -- (Not supported for targeted family)                                             ; --            ; block_diagram ; Top                               ;
; PARTITION_FITTER_PRESERVATION_LEVEL ; -- (Not supported for targeted family)                                             ; --            ; block_diagram ; Top                               ;
; PARTITION_NETLIST_TYPE              ; -- (Not supported for targeted family)                                             ; --            ; block_diagram ; Top                               ;
; PROJECT_OUTPUT_DIRECTORY            ; output_files                                                                       ; --            ; --            ; --                                ;
; SLD_FILE                            ; db/step_t_auto_stripped.stp                                                        ; --            ; --            ; --                                ;
; SLD_NODE_CREATOR_ID                 ; 110                                                                                ; --            ; --            ; auto_signaltap_0                  ;
; SLD_NODE_ENTITY_NAME                ; sld_signaltap                                                                      ; --            ; --            ; auto_signaltap_0                  ;
; SLD_NODE_PARAMETER_ASSIGNMENT       ; SLD_RAM_BLOCK_TYPE=AUTO                                                            ; --            ; --            ; auto_signaltap_0                  ;
; SLD_NODE_PARAMETER_ASSIGNMENT       ; SLD_NODE_INFO=805334528                                                            ; --            ; --            ; auto_signaltap_0                  ;
; SLD_NODE_PARAMETER_ASSIGNMENT       ; SLD_POWER_UP_TRIGGER=0                                                             ; --            ; --            ; auto_signaltap_0                  ;
; SLD_NODE_PARAMETER_ASSIGNMENT       ; SLD_STORAGE_QUALIFIER_INVERSION_MASK_LENGTH=0                                      ; --            ; --            ; auto_signaltap_0                  ;
; SLD_NODE_PARAMETER_ASSIGNMENT       ; SLD_SEGMENT_SIZE=128                                                               ; --            ; --            ; auto_signaltap_0                  ;
; SLD_NODE_PARAMETER_ASSIGNMENT       ; SLD_ATTRIBUTE_MEM_MODE=OFF                                                         ; --            ; --            ; auto_signaltap_0                  ;
; SLD_NODE_PARAMETER_ASSIGNMENT       ; SLD_STATE_FLOW_USE_GENERATED=0                                                     ; --            ; --            ; auto_signaltap_0                  ;
; SLD_NODE_PARAMETER_ASSIGNMENT       ; SLD_STATE_BITS=11                                                                  ; --            ; --            ; auto_signaltap_0                  ;
; SLD_NODE_PARAMETER_ASSIGNMENT       ; SLD_BUFFER_FULL_STOP=1                                                             ; --            ; --            ; auto_signaltap_0                  ;
; SLD_NODE_PARAMETER_ASSIGNMENT       ; SLD_CURRENT_RESOURCE_WIDTH=1                                                       ; --            ; --            ; auto_signaltap_0                  ;
; SLD_NODE_PARAMETER_ASSIGNMENT       ; SLD_INCREMENTAL_ROUTING=1                                                          ; --            ; --            ; auto_signaltap_0                  ;
; SLD_NODE_PARAMETER_ASSIGNMENT       ; SLD_TRIGGER_LEVEL=1                                                                ; --            ; --            ; auto_signaltap_0                  ;
; SLD_NODE_PARAMETER_ASSIGNMENT       ; SLD_SAMPLE_DEPTH=128                                                               ; --            ; --            ; auto_signaltap_0                  ;
; SLD_NODE_PARAMETER_ASSIGNMENT       ; SLD_TRIGGER_IN_ENABLED=0                                                           ; --            ; --            ; auto_signaltap_0                  ;
; SLD_NODE_PARAMETER_ASSIGNMENT       ; SLD_TRIGGER_PIPELINE=0                                                             ; --            ; --            ; auto_signaltap_0                  ;
; SLD_NODE_PARAMETER_ASSIGNMENT       ; SLD_RAM_PIPELINE=0                                                                 ; --            ; --            ; auto_signaltap_0                  ;
; SLD_NODE_PARAMETER_ASSIGNMENT       ; SLD_COUNTER_PIPELINE=0                                                             ; --            ; --            ; auto_signaltap_0                  ;
; SLD_NODE_PARAMETER_ASSIGNMENT       ; SLD_ADVANCED_TRIGGER_ENTITY=basic,1,                                               ; --            ; --            ; auto_signaltap_0                  ;
; SLD_NODE_PARAMETER_ASSIGNMENT       ; SLD_TRIGGER_LEVEL_PIPELINE=1                                                       ; --            ; --            ; auto_signaltap_0                  ;
; SLD_NODE_PARAMETER_ASSIGNMENT       ; SLD_ENABLE_ADVANCED_TRIGGER=0                                                      ; --            ; --            ; auto_signaltap_0                  ;
; SLD_NODE_PARAMETER_ASSIGNMENT       ; SLD_DATA_BITS=14                                                                   ; --            ; --            ; auto_signaltap_0                  ;
; SLD_NODE_PARAMETER_ASSIGNMENT       ; SLD_TRIGGER_BITS=14                                                                ; --            ; --            ; auto_signaltap_0                  ;
; SLD_NODE_PARAMETER_ASSIGNMENT       ; SLD_STORAGE_QUALIFIER_BITS=14                                                      ; --            ; --            ; auto_signaltap_0                  ;
; SLD_NODE_PARAMETER_ASSIGNMENT       ; SLD_INVERSION_MASK=000000000000000000000000000000000000000000000000000000000000000 ; --            ; --            ; auto_signaltap_0                  ;
; SLD_NODE_PARAMETER_ASSIGNMENT       ; SLD_INVERSION_MASK_LENGTH=63                                                       ; --            ; --            ; auto_signaltap_0                  ;
; TOP_LEVEL_ENTITY                    ; block_diagram                                                                      ; task_4        ; --            ; --                                ;
; USE_SIGNALTAP_FILE                  ; output_files/step_t.stp                                                            ; --            ; --            ; --                                ;
+-------------------------------------+------------------------------------------------------------------------------------+---------------+---------------+-----------------------------------+


+--------------------------------------------------------------------------------------------------------------------------+
; Flow Elapsed Time                                                                                                        ;
+----------------------+--------------+-------------------------+---------------------+------------------------------------+
; Module Name          ; Elapsed Time ; Average Processors Used ; Peak Virtual Memory ; Total CPU Time (on all processors) ;
+----------------------+--------------+-------------------------+---------------------+------------------------------------+
; Analysis & Synthesis ; 00:00:31     ; 1.0                     ; 4854 MB             ; 00:01:03                           ;
; Fitter               ; 00:00:09     ; 1.1                     ; 5553 MB             ; 00:00:12                           ;
; Assembler            ; 00:00:02     ; 1.0                     ; 4691 MB             ; 00:00:02                           ;
; Timing Analyzer      ; 00:00:02     ; 1.1                     ; 4800 MB             ; 00:00:03                           ;
; EDA Netlist Writer   ; 00:00:02     ; 1.0                     ; 4647 MB             ; 00:00:03                           ;
; Total                ; 00:00:46     ; --                      ; --                  ; 00:01:23                           ;
+----------------------+--------------+-------------------------+---------------------+------------------------------------+


+------------------------------------------------------------------------------------+
; Flow OS Summary                                                                    ;
+----------------------+------------------+------------+------------+----------------+
; Module Name          ; Machine Hostname ; OS Name    ; OS Version ; Processor type ;
+----------------------+------------------+------------+------------+----------------+
; Analysis & Synthesis ; Andy             ; Windows 10 ; 10.0       ; x86_64         ;
; Fitter               ; Andy             ; Windows 10 ; 10.0       ; x86_64         ;
; Assembler            ; Andy             ; Windows 10 ; 10.0       ; x86_64         ;
; Timing Analyzer      ; Andy             ; Windows 10 ; 10.0       ; x86_64         ;
; EDA Netlist Writer   ; Andy             ; Windows 10 ; 10.0       ; x86_64         ;
+----------------------+------------------+------------+------------+----------------+


------------
; Flow Log ;
------------
quartus_map --read_settings_files=on --write_settings_files=off task_4 -c task_4
quartus_fit --read_settings_files=off --write_settings_files=off task_4 -c task_4
quartus_asm --read_settings_files=off --write_settings_files=off task_4 -c task_4
quartus_sta task_4 -c task_4
quartus_eda --read_settings_files=off --write_settings_files=off task_4 -c task_4



